<?xml version="1.0" encoding="UTF-8"?>
<testsuite xmlns:xsi="http://www.w3.org/2001/XMLSchema-instance" xsi:noNamespaceSchemaLocation="https://maven.apache.org/surefire/maven-surefire-plugin/xsd/surefire-test-report-3.0.xsd" version="3.0" name="com.bank.BankTest" time="0.109" tests="23" errors="0" skipped="0" failures="0">
  <properties>
[...]
</properties>
  <testcase name="transfer_valid_movesFundsCorrectly" classname="com.bank.BankTest" time="0.002"/>
  <testcase name="addAccount_emptyBank_hasZeroAccounts" classname="com.bank.BankTest" time="0.002"/>
  <testcase name="getTotalAssets_afterDeposit_updatesCorrectly" classname="com.bank.BankTest" time="0.002"/>
  <testcase name="transfer_parameterized(double, double, boolean)[1]" classname="com.bank.BankTest" time="0.02"/>
  <testcase name="transfer_parameterized(double, double, boolean)[2]" classname="com.bank.BankTest" time="0.002"/>
  <testcase name="transfer_parameterized(double, double, boolean)[3]" classname="com.bank.BankTest" time="0.004"/>
  <testcase name="transfer_parameterized(double, double, boolean)[4]" classname="com.bank.BankTest" time="0.002"/>
  <testcase name="transfer_parameterized(double, double, boolean)[5]" classname="com.bank.BankTest" time="0.002"/>
  <testcase name="transfer_parameterized(double, double, boolean)[6]" classname="com.bank.BankTest" time="0.001"/>
  <testcase name="transfer_parameterized(double, double, boolean)[7]" classname="com.bank.BankTest" time="0.002"/>
  <testcase name="transfer_parameterized(double, double, boolean)[8]" classname="com.bank.BankTest" time="0.002"/>
  <testcase name="transfer_parameterized(double, double, boolean)[9]" classname="com.bank.BankTest" time="0.002"/>
  <testcase name="getTotalAssets_correctSum" classname="com.bank.BankTest" time="0.002"/>
  <testcase name="getTotalAssets_afterTransfer_totalUnchanged" classname="com.bank.BankTest" time="0.002"/>
  <testcase name="getTotalAssets_emptyBank_returnsZero" classname="com.bank.BankTest" time="0.002"/>
  <testcase name="addAccount_accountsAddedCorrectly" classname="com.bank.BankTest" time="0.003"/>
  <testcase name="transfer_nullFrom_throwsException" classname="com.bank.BankTest" time="0.003"/>
  <testcase name="transfer_equalToBalance_succeeds" classname="com.bank.BankTest" time="0.002"/>
  <testcase name="transfer_negativeAmount_throwsAndBalancesUnchanged" classname="com.bank.BankTest" time="0.002"/>
  <testcase name="transfer_nullTo_throwsException" classname="com.bank.BankTest" time="0.001"/>
  <testcase name="addAccount_null_throwsException" classname="com.bank.BankTest" time="0.002"/>
  <testcase name="transfer_zeroAmount_throwsException" classname="com.bank.BankTest" time="0.003"/>
  <testcase name="transfer_insufficientFunds_throwsAndBalancesUnchanged" classname="com.bank.BankTest" time="0.001"/>
</testsuite>